<?xml version="1.0" encoding="UTF-8"?>
<testsuite name="Capstone2.GrowthPlanner.GrowthPlannerApplicationTests" tests="1" skipped="0" failures="0" errors="0" timestamp="2023-10-31T08:04:16" hostname="DESKTOP-42QOTGR" time="0.084">
  <properties/>
  <testcase name="contextLoads()" classname="Capstone2.GrowthPlanner.GrowthPlannerApplicationTests" time="0.084"/>
  <system-out><![CDATA[17:04:13.023 [Test worker] DEBUG org.springframework.test.context.BootstrapUtils - Instantiating CacheAwareContextLoaderDelegate from class [org.springframework.test.context.cache.DefaultCacheAwareContextLoaderDelegate]
17:04:13.033 [Test worker] DEBUG org.springframework.test.context.BootstrapUtils - Instantiating BootstrapContext using constructor [public org.springframework.test.context.support.DefaultBootstrapContext(java.lang.Class,org.springframework.test.context.CacheAwareContextLoaderDelegate)]
17:04:13.060 [Test worker] DEBUG org.springframework.test.context.BootstrapUtils - Instantiating TestContextBootstrapper for test class [Capstone2.GrowthPlanner.GrowthPlannerApplicationTests] from class [org.springframework.boot.test.context.SpringBootTestContextBootstrapper]
17:04:13.070 [Test worker] INFO org.springframework.boot.test.context.SpringBootTestContextBootstrapper - Neither @ContextConfiguration nor @ContextHierarchy found for test class [Capstone2.GrowthPlanner.GrowthPlannerApplicationTests], using SpringBootContextLoader
17:04:13.074 [Test worker] DEBUG org.springframework.test.context.support.AbstractContextLoader - Did not detect default resource location for test class [Capstone2.GrowthPlanner.GrowthPlannerApplicationTests]: class path resource [Capstone2/GrowthPlanner/GrowthPlannerApplicationTests-context.xml] does not exist
17:04:13.074 [Test worker] DEBUG org.springframework.test.context.support.AbstractContextLoader - Did not detect default resource location for test class [Capstone2.GrowthPlanner.GrowthPlannerApplicationTests]: class path resource [Capstone2/GrowthPlanner/GrowthPlannerApplicationTestsContext.groovy] does not exist
17:04:13.074 [Test worker] INFO org.springframework.test.context.support.AbstractContextLoader - Could not detect default resource locations for test class [Capstone2.GrowthPlanner.GrowthPlannerApplicationTests]: no resource found for suffixes {-context.xml, Context.groovy}.
17:04:13.075 [Test worker] INFO org.springframework.test.context.support.AnnotationConfigContextLoaderUtils - Could not detect default configuration classes for test class [Capstone2.GrowthPlanner.GrowthPlannerApplicationTests]: GrowthPlannerApplicationTests does not declare any static, non-private, non-final, nested classes annotated with @Configuration.
17:04:13.110 [Test worker] DEBUG org.springframework.test.context.support.ActiveProfilesUtils - Could not find an 'annotation declaring class' for annotation type [org.springframework.test.context.ActiveProfiles] and class [Capstone2.GrowthPlanner.GrowthPlannerApplicationTests]
17:04:13.158 [Test worker] DEBUG org.springframework.context.annotation.ClassPathScanningCandidateComponentProvider - Identified candidate component class: file [C:\Capstone\caps\cap2\build\classes\java\main\Capstone2\GrowthPlanner\GrowthPlannerApplication.class]
17:04:13.159 [Test worker] INFO org.springframework.boot.test.context.SpringBootTestContextBootstrapper - Found @SpringBootConfiguration Capstone2.GrowthPlanner.GrowthPlannerApplication for test class Capstone2.GrowthPlanner.GrowthPlannerApplicationTests
17:04:13.250 [Test worker] DEBUG org.springframework.boot.test.context.SpringBootTestContextBootstrapper - @TestExecutionListeners is not present for class [Capstone2.GrowthPlanner.GrowthPlannerApplicationTests]: using defaults.
17:04:13.250 [Test worker] INFO org.springframework.boot.test.context.SpringBootTestContextBootstrapper - Loaded default TestExecutionListener class names from location [META-INF/spring.factories]: [org.springframework.boot.test.autoconfigure.restdocs.RestDocsTestExecutionListener, org.springframework.boot.test.autoconfigure.web.client.MockRestServiceServerResetTestExecutionListener, org.springframework.boot.test.autoconfigure.web.servlet.MockMvcPrintOnlyOnFailureTestExecutionListener, org.springframework.boot.test.autoconfigure.web.servlet.WebDriverTestExecutionListener, org.springframework.boot.test.autoconfigure.webservices.client.MockWebServiceServerTestExecutionListener, org.springframework.boot.test.mock.mockito.MockitoTestExecutionListener, org.springframework.boot.test.mock.mockito.ResetMocksTestExecutionListener, org.springframework.test.context.web.ServletTestExecutionListener, org.springframework.test.context.support.DirtiesContextBeforeModesTestExecutionListener, org.springframework.test.context.event.ApplicationEventsTestExecutionListener, org.springframework.test.context.support.DependencyInjectionTestExecutionListener, org.springframework.test.context.support.DirtiesContextTestExecutionListener, org.springframework.test.context.transaction.TransactionalTestExecutionListener, org.springframework.test.context.jdbc.SqlScriptsTestExecutionListener, org.springframework.test.context.event.EventPublishingTestExecutionListener]
17:04:13.266 [Test worker] INFO org.springframework.boot.test.context.SpringBootTestContextBootstrapper - Using TestExecutionListeners: [org.springframework.test.context.web.ServletTestExecutionListener@437e951d, org.springframework.test.context.support.DirtiesContextBeforeModesTestExecutionListener@77b325b3, org.springframework.test.context.event.ApplicationEventsTestExecutionListener@63a5e46c, org.springframework.boot.test.mock.mockito.MockitoTestExecutionListener@7e8e8651, org.springframework.boot.test.autoconfigure.SpringBootDependencyInjectionTestExecutionListener@49ef32e0, org.springframework.test.context.support.DirtiesContextTestExecutionListener@271f18d3, org.springframework.test.context.transaction.TransactionalTestExecutionListener@6bd51ed8, org.springframework.test.context.jdbc.SqlScriptsTestExecutionListener@61e3a1fd, org.springframework.test.context.event.EventPublishingTestExecutionListener@51abf713, org.springframework.boot.test.autoconfigure.restdocs.RestDocsTestExecutionListener@eadb475, org.springframework.boot.test.autoconfigure.web.client.MockRestServiceServerResetTestExecutionListener@4d4d48a6, org.springframework.boot.test.autoconfigure.web.servlet.MockMvcPrintOnlyOnFailureTestExecutionListener@315df4bb, org.springframework.boot.test.autoconfigure.web.servlet.WebDriverTestExecutionListener@3fc08eec, org.springframework.boot.test.autoconfigure.webservices.client.MockWebServiceServerTestExecutionListener@5cad8b7d, org.springframework.boot.test.mock.mockito.ResetMocksTestExecutionListener@7b02e036]
17:04:13.269 [Test worker] DEBUG org.springframework.test.context.support.AbstractDirtiesContextTestExecutionListener - Before test class: context [DefaultTestContext@79c4715d testClass = GrowthPlannerApplicationTests, testInstance = [null], testMethod = [null], testException = [null], mergedContextConfiguration = [WebMergedContextConfiguration@5aa360ea testClass = GrowthPlannerApplicationTests, locations = '{}', classes = '{class Capstone2.GrowthPlanner.GrowthPlannerApplication}', contextInitializerClasses = '[]', activeProfiles = '{}', propertySourceLocations = '{}', propertySourceProperties = '{org.springframework.boot.test.context.SpringBootTestContextBootstrapper=true}', contextCustomizers = set[org.springframework.boot.test.autoconfigure.actuate.metrics.MetricsExportContextCustomizerFactory$DisableMetricExportContextCustomizer@61884cb1, org.springframework.boot.test.autoconfigure.properties.PropertyMappingContextCustomizer@0, org.springframework.boot.test.autoconfigure.web.servlet.WebDriverContextCustomizerFactory$Customizer@285c08c8, org.springframework.boot.test.context.filter.ExcludeFilterContextCustomizer@388ba540, org.springframework.boot.test.json.DuplicateJsonObjectContextCustomizerFactory$DuplicateJsonObjectContextCustomizer@3d484181, org.springframework.boot.test.mock.mockito.MockitoContextCustomizer@0, org.springframework.boot.test.web.client.TestRestTemplateContextCustomizer@650eab8, org.springframework.boot.test.context.SpringBootTestArgs@1, org.springframework.boot.test.context.SpringBootTestWebEnvironment@6a57ae10], resourceBasePath = 'src/main/webapp', contextLoader = 'org.springframework.boot.test.context.SpringBootContextLoader', parent = [null]], attributes = map['org.springframework.test.context.web.ServletTestExecutionListener.activateListener' -> true]], class annotated with @DirtiesContext [false] with mode [null].

  .   ____          _            __ _ _
 /\\ / ___'_ __ _ _(_)_ __  __ _ \ \ \ \
( ( )\___ | '_ | '_| | '_ \/ _` | \ \ \ \
 \\/  ___)| |_)| | | | | || (_| |  ) ) ) )
  '  |____| .__|_| |_|_| |_\__, | / / / /
 =========|_|==============|___/=/_/_/_/
 :: Spring Boot ::               (v2.7.16)

2023-10-31 17:04:13.544  INFO 7248 --- [    Test worker] C.G.GrowthPlannerApplicationTests        : Starting GrowthPlannerApplicationTests using Java 11.0.19 on DESKTOP-42QOTGR with PID 7248 (started by leekt in C:\Capstone\caps\cap2)
2023-10-31 17:04:13.545  INFO 7248 --- [    Test worker] C.G.GrowthPlannerApplicationTests        : No active profile set, falling back to 1 default profile: "default"
2023-10-31 17:04:14.008  INFO 7248 --- [    Test worker] .s.d.r.c.RepositoryConfigurationDelegate : Bootstrapping Spring Data JPA repositories in DEFAULT mode.
2023-10-31 17:04:14.046  INFO 7248 --- [    Test worker] .s.d.r.c.RepositoryConfigurationDelegate : Finished Spring Data repository scanning in 31 ms. Found 1 JPA repository interfaces.
2023-10-31 17:04:14.477  INFO 7248 --- [    Test worker] o.hibernate.jpa.internal.util.LogHelper  : HHH000204: Processing PersistenceUnitInfo [name: default]
2023-10-31 17:04:14.525  INFO 7248 --- [    Test worker] org.hibernate.Version                    : HHH000412: Hibernate ORM core version 5.6.15.Final
2023-10-31 17:04:14.679  INFO 7248 --- [    Test worker] o.hibernate.annotations.common.Version   : HCANN000001: Hibernate Commons Annotations {5.1.2.Final}
2023-10-31 17:04:14.777  INFO 7248 --- [    Test worker] com.zaxxer.hikari.HikariDataSource       : HikariPool-1 - Starting...
2023-10-31 17:04:15.125  INFO 7248 --- [    Test worker] com.zaxxer.hikari.HikariDataSource       : HikariPool-1 - Start completed.
2023-10-31 17:04:15.142  INFO 7248 --- [    Test worker] org.hibernate.dialect.Dialect            : HHH000400: Using dialect: org.hibernate.dialect.MySQL8Dialect
2023-10-31 17:04:15.741  INFO 7248 --- [    Test worker] o.h.e.t.j.p.i.JtaPlatformInitiator       : HHH000490: Using JtaPlatform implementation: [org.hibernate.engine.transaction.jta.platform.internal.NoJtaPlatform]
2023-10-31 17:04:15.750  INFO 7248 --- [    Test worker] j.LocalContainerEntityManagerFactoryBean : Initialized JPA EntityManagerFactory for persistence unit 'default'
2023-10-31 17:04:16.000  WARN 7248 --- [    Test worker] JpaBaseConfiguration$JpaWebConfiguration : spring.jpa.open-in-view is enabled by default. Therefore, database queries may be performed during view rendering. Explicitly configure spring.jpa.open-in-view to disable this warning
2023-10-31 17:04:16.649  INFO 7248 --- [    Test worker] C.G.GrowthPlannerApplicationTests        : Started GrowthPlannerApplicationTests in 3.349 seconds (JVM running for 4.326)
]]></system-out>
  <system-err><![CDATA[]]></system-err>
</testsuite>
